2026-02-06T04:48:30.610Z - GET /verify
2026-02-06T04:48:30.623Z - GET /verify
2026-02-06T04:48:30.701Z - GET /home/getAllPosts
2026-02-06T04:48:30.715Z - GET /home/getFriends
2026-02-06T04:48:30.727Z - GET /home/ads
2026-02-06T04:48:30.742Z - GET /home/getChannels
2026-02-06T04:48:30.752Z - GET /stories
2026-02-06T04:48:30.798Z - GET /home/ads
2026-02-06T04:48:30.859Z - GET /home/getFriends
2026-02-06T04:48:31.003Z - GET /home/getChannels
2026-02-06T04:48:31.018Z - GET /stories
2026-02-06T04:48:31.202Z - GET /home/getAllPosts
2026-02-06T04:48:48.118Z - GET /profile/getbasic/ayush2
2026-02-06T04:48:48.141Z - GET /profile/sensitive/ayush2
2026-02-06T04:48:48.158Z - GET /isfriend/ayush2
2026-02-06T04:48:48.170Z - GET /verify
2026-02-06T04:48:48.209Z - GET /profile/getbasic/ayush2
2026-02-06T04:48:48.283Z - GET /isfriend/ayush2
2026-02-06T04:48:48.302Z - GET /profile/sensitive/ayush2
2026-02-06T04:48:50.914Z - GET /home/getAllPosts
2026-02-06T04:48:50.936Z - GET /home/getFriends
2026-02-06T04:48:50.959Z - GET /home/ads
2026-02-06T04:48:50.970Z - GET /home/getChannels
2026-02-06T04:48:50.983Z - GET /stories
2026-02-06T04:48:50.999Z - GET /verify
2026-02-06T04:48:51.073Z - GET /home/ads
2026-02-06T04:48:51.158Z - GET /home/getFriends
2026-02-06T04:48:51.169Z - GET /home/getChannels
2026-02-06T04:48:51.330Z - GET /stories
2026-02-06T04:48:51.752Z - GET /home/getAllPosts
