2026-02-06T04:46:10.577Z - GET /GetAllNotifications
2026-02-06T04:46:10.612Z - GET /verify
2026-02-06T04:46:10.633Z - GET /verify
2026-02-06T04:46:10.658Z - GET /GetAllNotifications
2026-02-06T04:47:28.001Z - GET /verify
2026-02-06T04:47:28.015Z - GET /verify
2026-02-06T04:47:54.244Z - POST /createpost
2026-02-06T04:48:12.130Z - GET /stories
2026-02-06T04:48:12.157Z - GET /verify
2026-02-06T04:48:12.211Z - GET /verify
2026-02-06T04:48:12.319Z - GET /stories
2026-02-06T04:48:16.643Z - GET /verify
2026-02-06T04:48:16.658Z - GET /verify
2026-02-06T04:48:16.711Z - GET /home/getAllPosts
2026-02-06T04:48:16.732Z - GET /home/getFriends
2026-02-06T04:48:16.749Z - GET /home/ads
2026-02-06T04:48:16.764Z - GET /home/getChannels
2026-02-06T04:48:16.781Z - GET /stories
2026-02-06T04:48:16.830Z - GET /home/ads
2026-02-06T04:48:16.886Z - GET /home/getFriends
2026-02-06T04:48:16.902Z - GET /home/getChannels
2026-02-06T04:48:17.105Z - GET /stories
2026-02-06T04:48:17.386Z - GET /home/getAllPosts
2026-02-06T04:48:21.227Z - POST /logout
2026-02-07T19:05:43.635Z - GET /verify
2026-02-07T19:05:43.643Z - GET /verify
2026-02-07T19:05:43.690Z - GET /home/getAllPosts
2026-02-07T19:05:43.697Z - GET /home/getFriends
2026-02-07T19:05:43.704Z - GET /home/ads
2026-02-07T19:05:43.709Z - GET /stories
2026-02-07T19:05:43.716Z - GET /home/getChannels
2026-02-07T19:05:43.742Z - GET /home/ads
2026-02-07T19:05:43.765Z - GET /home/getFriends
2026-02-07T19:05:43.937Z - GET /home/getChannels
2026-02-07T19:05:43.974Z - GET /stories
2026-02-07T19:05:44.123Z - GET /home/getAllPosts
2026-02-07T19:05:52.530Z - GET /verify
2026-02-07T19:05:52.536Z - GET /verify
2026-02-07T19:05:52.599Z - GET /home/getAllPosts
2026-02-07T19:05:52.606Z - GET /home/getFriends
2026-02-07T19:05:52.613Z - GET /home/ads
2026-02-07T19:05:52.618Z - GET /home/getChannels
2026-02-07T19:05:52.623Z - GET /stories
2026-02-07T19:05:52.659Z - GET /home/ads
2026-02-07T19:05:52.693Z - GET /home/getFriends
2026-02-07T19:05:52.724Z - GET /home/getChannels
2026-02-07T19:05:52.729Z - GET /stories
2026-02-07T19:05:53.210Z - GET /home/getAllPosts
2026-02-07T19:05:57.872Z - GET /GetAllNotifications
2026-02-07T19:05:57.877Z - GET /verify
2026-02-07T19:05:57.883Z - GET /verify
2026-02-07T19:05:57.928Z - GET /GetAllNotifications
2026-02-07T19:06:00.373Z - POST /follow-request/accept/ayush
2026-02-07T19:06:03.818Z - POST /follow-request/accept/ayush
2026-02-07T19:06:17.190Z - GET /GetAllNotifications
2026-02-07T19:06:17.195Z - GET /verify
2026-02-07T19:06:17.202Z - GET /verify
2026-02-07T19:06:17.235Z - GET /GetAllNotifications
2026-02-07T19:06:19.219Z - POST /follow-request/accept/ayush
2026-02-07T19:06:24.287Z - GET /GetAllNotifications
2026-02-07T19:06:24.294Z - GET /verify
2026-02-07T19:06:24.302Z - GET /verify
2026-02-07T19:06:24.333Z - GET /GetAllNotifications
2026-02-07T19:06:31.353Z - GET /GetAllNotifications
2026-02-07T19:06:31.358Z - GET /verify
2026-02-07T19:06:31.365Z - GET /verify
2026-02-07T19:06:31.404Z - GET /GetAllNotifications
2026-02-07T19:06:33.116Z - POST /follow-request/accept/ayush
2026-02-07T19:06:36.448Z - GET /GetAllNotifications
2026-02-07T19:06:36.455Z - GET /verify
2026-02-07T19:06:36.461Z - GET /verify
2026-02-07T19:06:36.493Z - GET /GetAllNotifications
2026-02-07T19:52:42.777Z - GET /GetAllNotifications
2026-02-07T19:52:42.783Z - GET /verify
2026-02-07T19:52:42.794Z - GET /verify
2026-02-07T19:53:02.806Z - GET /GetAllNotifications
2026-02-07T20:01:31.567Z - GET /GetAllNotifications
2026-02-07T20:01:31.573Z - GET /verify
2026-02-07T20:01:31.581Z - GET /verify
2026-02-07T20:01:31.609Z - GET /GetAllNotifications
2026-02-07T20:01:33.741Z - POST /follow-request/accept/ayush
2026-02-07T20:01:39.227Z - GET /GetAllNotifications
2026-02-07T20:01:39.236Z - GET /verify
2026-02-07T20:01:39.241Z - GET /verify
2026-02-07T20:01:39.272Z - GET /GetAllNotifications
2026-02-07T20:03:08.371Z - GET /GetAllNotifications
2026-02-07T20:03:08.378Z - GET /verify
2026-02-07T20:03:08.382Z - GET /verify
2026-02-07T20:03:08.433Z - GET /GetAllNotifications
2026-02-07T20:03:18.433Z - GET /GetAllNotifications
2026-02-07T20:03:18.443Z - GET /verify
2026-02-07T20:03:18.448Z - GET /verify
2026-02-07T20:03:18.491Z - GET /GetAllNotifications
2026-02-07T20:03:19.947Z - POST /follow-request/accept/ayush
2026-02-07T20:03:23.324Z - GET /GetAllNotifications
2026-02-07T20:03:23.329Z - GET /verify
2026-02-07T20:03:23.336Z - GET /verify
2026-02-07T20:03:23.368Z - GET /GetAllNotifications
2026-02-07T20:03:43.186Z - GET /GetAllNotifications
2026-02-07T20:03:43.192Z - GET /verify
2026-02-07T20:03:43.201Z - GET /verify
2026-02-07T20:03:43.230Z - GET /GetAllNotifications
2026-02-07T20:03:47.840Z - GET /GetAllNotifications
2026-02-07T20:03:47.845Z - GET /verify
2026-02-07T20:03:47.852Z - GET /verify
2026-02-07T20:03:47.883Z - GET /GetAllNotifications
2026-02-07T20:04:59.813Z - GET /GetAllNotifications
2026-02-07T20:04:59.820Z - GET /verify
2026-02-07T20:04:59.826Z - GET /verify
2026-02-07T20:04:59.854Z - GET /GetAllNotifications
2026-02-07T20:05:01.381Z - POST /follow-request/accept/ayush
2026-02-07T20:05:09.965Z - GET /verify
2026-02-07T20:05:09.969Z - GET /GetAllNotifications
2026-02-07T20:05:09.981Z - GET /verify
2026-02-07T20:05:10.019Z - GET /GetAllNotifications
2026-02-07T20:06:28.057Z - GET /GetAllNotifications
2026-02-07T20:06:28.067Z - GET /verify
2026-02-07T20:06:28.075Z - GET /verify
2026-02-07T20:06:28.109Z - GET /GetAllNotifications
2026-02-07T20:06:29.480Z - POST /follow-request/accept/ayush
2026-02-07T20:06:29.627Z - GET /GetAllNotifications
2026-02-07T20:06:47.526Z - GET /GetAllNotifications
2026-02-07T20:06:47.532Z - GET /verify
2026-02-07T20:06:47.541Z - GET /verify
2026-02-07T20:06:47.570Z - GET /GetAllNotifications
2026-02-07T20:06:48.201Z - GET /GetAllNotifications
2026-02-07T20:06:48.207Z - GET /verify
2026-02-07T20:06:48.216Z - GET /verify
2026-02-07T20:06:48.242Z - GET /GetAllNotifications
2026-02-07T20:06:54.642Z - GET /GetAllNotifications
2026-02-07T20:06:54.648Z - GET /verify
2026-02-07T20:06:54.655Z - GET /verify
2026-02-07T20:06:54.679Z - GET /GetAllNotifications
2026-02-08T05:00:50.440Z - GET /verify
2026-02-08T05:00:50.452Z - GET /verify
2026-02-08T05:00:50.481Z - GET /home/getAllPosts
2026-02-08T05:00:50.490Z - GET /home/getFriends
2026-02-08T05:00:50.496Z - GET /home/ads
2026-02-08T05:00:50.509Z - GET /home/getChannels
2026-02-08T05:00:50.518Z - GET /stories
2026-02-08T05:00:50.549Z - GET /home/ads
2026-02-08T05:00:50.626Z - GET /home/getChannels
2026-02-08T05:00:50.634Z - GET /home/getFriends
2026-02-08T05:00:50.731Z - GET /stories
2026-02-08T05:00:50.944Z - GET /home/getAllPosts
2026-02-08T05:01:00.473Z - GET /GetAllNotifications
2026-02-08T05:01:00.478Z - GET /verify
2026-02-08T05:01:00.487Z - GET /verify
2026-02-08T05:01:00.744Z - GET /GetAllNotifications
2026-02-08T05:01:43.743Z - GET /GetAllNotifications
2026-02-08T05:01:43.747Z - GET /verify
2026-02-08T05:01:43.752Z - GET /verify
2026-02-08T05:01:43.788Z - GET /GetAllNotifications
2026-02-08T05:02:05.114Z - GET /GetAllNotifications
2026-02-08T05:02:05.120Z - GET /verify
2026-02-08T05:02:05.126Z - GET /verify
2026-02-08T05:02:05.156Z - GET /GetAllNotifications
2026-02-08T05:02:06.888Z - POST /follow-request/accept/VoyagerX21
2026-02-08T05:02:07.037Z - GET /GetAllNotifications
2026-02-08T05:09:52.099Z - GET /profile/getbasic/ayush2
2026-02-08T05:09:52.120Z - GET /profile/sensitive/ayush2
2026-02-08T05:09:52.127Z - GET /verify
2026-02-08T05:09:52.139Z - GET /verify
2026-02-08T05:09:52.383Z - GET /profile/getbasic/ayush2
2026-02-08T05:09:52.868Z - GET /profile/getbasic/ayush2
2026-02-08T05:09:52.880Z - GET /profile/sensitive/ayush2
2026-02-08T05:09:52.885Z - GET /isfriend/ayush2
2026-02-08T05:09:53.786Z - GET /profile/sensitive/ayush2
2026-02-08T05:09:53.890Z - GET /isfriend/ayush2
2026-02-08T05:09:55.960Z - POST /logout
