2026-02-08T05:00:30.243Z - GET /verify
2026-02-08T05:00:30.255Z - GET /verify
2026-02-08T05:00:30.302Z - GET /home/ads
2026-02-08T05:00:30.311Z - GET /home/getAllPosts
2026-02-08T05:00:30.326Z - GET /home/getFriends
2026-02-08T05:00:30.334Z - GET /home/getChannels
2026-02-08T05:00:30.345Z - GET /stories
2026-02-08T05:00:30.405Z - GET /home/ads
2026-02-08T05:00:30.454Z - GET /home/getFriends
2026-02-08T05:00:30.462Z - GET /home/getChannels
2026-02-08T05:00:30.845Z - GET /home/getAllPosts
2026-02-08T05:00:30.895Z - GET /stories
2026-02-08T05:01:06.802Z - GET /profile/getbasic/VoyagerX21
2026-02-08T05:01:06.807Z - GET /profile/sensitive/VoyagerX21
2026-02-08T05:01:06.813Z - GET /verify
2026-02-08T05:01:06.819Z - GET /verify
2026-02-08T05:01:06.869Z - GET /profile/getbasic/VoyagerX21
2026-02-08T05:01:06.931Z - GET /profile/getbasic/VoyagerX21
2026-02-08T05:01:06.953Z - GET /profile/sensitive/VoyagerX21
2026-02-08T05:01:06.958Z - GET /isfriend/VoyagerX21
2026-02-08T05:01:07.107Z - GET /profile/sensitive/VoyagerX21
2026-02-08T05:01:07.114Z - GET /isfriend/VoyagerX21
2026-02-08T05:01:14.457Z - GET /profile/getbasic/Chowdhary
2026-02-08T05:01:14.468Z - GET /profile/sensitive/Chowdhary
2026-02-08T05:01:14.482Z - GET /verify
2026-02-08T05:01:14.596Z - GET /isfriend/Chowdhary
2026-02-08T05:01:17.355Z - GET /profile/getbasic/ayush
2026-02-08T05:01:17.361Z - GET /profile/sensitive/ayush
2026-02-08T05:01:17.369Z - GET /verify
2026-02-08T05:01:17.483Z - GET /isfriend/ayush
2026-02-08T05:01:22.774Z - GET /profile/getbasic/Gau123
2026-02-08T05:01:22.783Z - GET /profile/sensitive/Gau123
2026-02-08T05:01:22.795Z - GET /verify
2026-02-08T05:01:22.825Z - GET /isfriend/Gau123
2026-02-08T05:01:28.986Z - GET /profile/getbasic/VoyagerX21
2026-02-08T05:01:28.991Z - GET /profile/sensitive/VoyagerX21
2026-02-08T05:01:28.995Z - GET /verify
2026-02-08T05:01:29.001Z - GET /verify
2026-02-08T05:01:29.054Z - GET /profile/getbasic/VoyagerX21
2026-02-08T05:01:29.153Z - GET /profile/getbasic/VoyagerX21
2026-02-08T05:01:29.234Z - GET /profile/sensitive/VoyagerX21
2026-02-08T05:01:29.294Z - GET /isfriend/VoyagerX21
2026-02-08T05:01:29.636Z - GET /profile/sensitive/VoyagerX21
2026-02-08T05:01:29.645Z - GET /isfriend/VoyagerX21
2026-02-08T05:01:32.114Z - GET /verify
2026-02-08T05:01:32.141Z - GET /verify
2026-02-08T05:01:32.445Z - GET /connect?mode=users
2026-02-08T05:01:34.931Z - GET /connect/search?query=aysh&type=user&category=All
2026-02-08T05:01:35.407Z - GET /connect/search?query=ays&type=user&category=All
2026-02-08T05:01:36.172Z - GET /connect/search?query=ay&type=user&category=All
2026-02-08T05:01:36.985Z - GET /connect/search?query=ayush2&type=user&category=All
2026-02-08T05:01:39.466Z - POST /connect/unfollow
2026-02-08T05:01:48.405Z - GET /profile/getbasic/ayush2
2026-02-08T05:01:48.441Z - GET /profile/sensitive/ayush2
2026-02-08T05:01:48.449Z - GET /verify
2026-02-08T05:01:48.526Z - GET /profile/getbasic/ayush2
2026-02-08T05:01:48.531Z - GET /profile/sensitive/ayush2
2026-02-08T05:01:48.535Z - GET /isfriend/ayush2
2026-02-08T05:01:48.624Z - GET /isfriend/ayush2
2026-02-08T05:02:01.694Z - POST /follow/ayush2
2026-02-08T05:02:01.881Z - GET /isfriend/ayush2
2026-02-08T05:02:01.886Z - GET /profile/sensitive/ayush2
2026-02-08T05:02:09.352Z - GET /profile/getbasic/ayush2
2026-02-08T05:02:09.356Z - GET /profile/sensitive/ayush2
2026-02-08T05:02:09.360Z - GET /verify
2026-02-08T05:02:09.365Z - GET /verify
2026-02-08T05:02:09.431Z - GET /profile/getbasic/ayush2
2026-02-08T05:02:09.477Z - GET /profile/sensitive/ayush2
2026-02-08T05:02:09.482Z - GET /isfriend/ayush2
2026-02-08T05:02:09.593Z - GET /isfriend/ayush2
2026-02-08T05:02:20.907Z - GET /profile/getbasic/john
2026-02-08T05:02:20.912Z - GET /profile/sensitive/john
2026-02-08T05:02:20.917Z - GET /verify
2026-02-08T05:02:20.923Z - GET /verify
2026-02-08T05:02:20.941Z - GET /profile/getbasic/john
2026-02-08T05:02:20.954Z - GET /profile/sensitive/john
2026-02-08T05:02:20.975Z - GET /isfriend/john
2026-02-08T05:02:21.043Z - GET /isfriend/john
2026-02-08T05:02:26.217Z - GET /verify
2026-02-08T05:02:26.223Z - GET /verify
2026-02-08T05:02:26.547Z - GET /connect?mode=users
2026-02-08T05:02:39.607Z - GET /profile/getbasic/john
2026-02-08T05:02:39.612Z - GET /profile/sensitive/john
2026-02-08T05:02:39.619Z - GET /verify
2026-02-08T05:02:39.624Z - GET /verify
2026-02-08T05:02:39.649Z - GET /profile/getbasic/john
2026-02-08T05:02:39.654Z - GET /profile/sensitive/john
2026-02-08T05:02:39.666Z - GET /isfriend/john
2026-02-08T05:02:39.734Z - GET /isfriend/john
2026-02-08T05:02:42.296Z - GET /verify
2026-02-08T05:02:42.301Z - GET /verify
2026-02-08T05:02:42.645Z - GET /connect?mode=users
2026-02-08T05:02:44.913Z - GET /connect/search?query=John&type=user&category=All
2026-02-08T05:02:51.322Z - GET /connect?mode=users
2026-02-08T05:02:53.655Z - GET /verify
2026-02-08T05:02:53.659Z - GET /verify
2026-02-08T05:02:54.001Z - GET /connect?mode=users
2026-02-08T05:02:55.532Z - GET /verify
2026-02-08T05:02:55.545Z - GET /verify
2026-02-08T05:02:55.872Z - GET /connect?mode=users
2026-02-08T05:03:55.885Z - GET /verify
2026-02-08T05:03:56.166Z - GET /verify
2026-02-08T05:03:57.165Z - GET /connect?mode=users
2026-02-08T05:04:05.241Z - GET /connect/search?query=John&type=user&category=All
2026-02-08T05:04:13.482Z - POST /connect/follow
2026-02-08T05:04:18.076Z - GET /profile/getbasic/John
2026-02-08T05:04:18.100Z - GET /profile/sensitive/John
2026-02-08T05:04:18.242Z - GET /verify
2026-02-08T05:04:19.488Z - GET /profile/sensitive/John
2026-02-08T05:04:19.521Z - GET /profile/getbasic/John
2026-02-08T05:04:19.660Z - GET /isfriend/John
2026-02-08T05:04:19.858Z - GET /isfriend/John
2026-02-08T05:04:26.544Z - GET /verify
2026-02-08T05:04:26.639Z - GET /verify
2026-02-08T05:04:26.679Z - GET /home/getFriends
2026-02-08T05:04:26.766Z - GET /home/getAllPosts
2026-02-08T05:04:26.919Z - GET /home/ads
2026-02-08T05:04:27.019Z - GET /home/getChannels
2026-02-08T05:04:27.090Z - GET /stories
2026-02-08T05:04:27.248Z - GET /home/ads
2026-02-08T05:04:27.864Z - GET /home/getFriends
2026-02-08T05:04:28.122Z - GET /home/getChannels
2026-02-08T05:04:28.739Z - GET /stories
2026-02-08T05:04:28.929Z - GET /home/getAllPosts
2026-02-08T05:04:36.374Z - GET /profile/getbasic/john
2026-02-08T05:04:36.383Z - GET /profile/sensitive/john
2026-02-08T05:04:36.396Z - GET /verify
2026-02-08T05:04:36.539Z - GET /verify
2026-02-08T05:04:36.717Z - GET /profile/sensitive/john
2026-02-08T05:04:36.744Z - GET /profile/getbasic/john
2026-02-08T05:04:36.766Z - GET /isfriend/john
2026-02-08T05:04:37.144Z - GET /isfriend/john
2026-02-08T05:04:45.690Z - GET /profile/getbasic/john
2026-02-08T05:04:45.700Z - GET /profile/sensitive/john
2026-02-08T05:04:45.796Z - GET /verify
2026-02-08T05:04:45.929Z - GET /verify
2026-02-08T05:04:45.968Z - GET /profile/getbasic/john
2026-02-08T05:04:45.975Z - GET /isfriend/john
2026-02-08T05:04:46.096Z - GET /profile/sensitive/john
2026-02-08T05:04:46.418Z - GET /isfriend/john
2026-02-08T05:04:49.747Z - GET /profile/getbasic/John
2026-02-08T05:04:49.771Z - GET /profile/sensitive/John
2026-02-08T05:04:49.791Z - GET /verify
2026-02-08T05:04:49.870Z - GET /verify
2026-02-08T05:04:52.664Z - GET /verify
2026-02-08T05:04:52.880Z - GET /verify
2026-02-08T05:04:53.102Z - GET /connect?mode=users
2026-02-08T05:04:59.423Z - GET /connect/search?query=J&type=user&category=All
2026-02-08T05:05:00.148Z - GET /connect/search?query=John&type=user&category=All
2026-02-08T05:05:02.510Z - POST /connect/unfollow
2026-02-08T05:05:06.200Z - GET /profile/getbasic/John
2026-02-08T05:05:06.251Z - GET /profile/sensitive/John
2026-02-08T05:05:06.362Z - GET /verify
2026-02-08T05:05:06.663Z - GET /profile/getbasic/John
2026-02-08T05:05:06.713Z - GET /profile/sensitive/John
2026-02-08T05:05:06.722Z - GET /isfriend/John
2026-02-08T05:05:06.897Z - GET /isfriend/John
2026-02-08T05:05:21.333Z - POST /block/John
2026-02-08T05:05:27.956Z - GET /verify
2026-02-08T05:05:28.035Z - GET /verify
2026-02-08T05:05:28.116Z - GET /home/getFriends
2026-02-08T05:05:28.189Z - GET /home/getAllPosts
2026-02-08T05:05:28.310Z - GET /home/getChannels
2026-02-08T05:05:28.692Z - GET /home/ads
2026-02-08T05:05:28.858Z - GET /stories
2026-02-08T05:05:29.337Z - GET /home/ads
2026-02-08T05:05:29.444Z - GET /home/getFriends
2026-02-08T05:05:29.746Z - GET /home/getChannels
2026-02-08T05:05:31.489Z - GET /stories
2026-02-08T05:05:31.931Z - GET /home/getAllPosts
2026-02-08T05:05:34.200Z - GET /verify
2026-02-08T05:05:34.256Z - GET /verify
2026-02-08T05:05:34.546Z - GET /connect?mode=users
2026-02-08T05:05:37.184Z - GET /connect/search?query=John&type=user&category=All
2026-02-08T05:05:38.935Z - GET /profile/getbasic/John
2026-02-08T05:05:38.978Z - GET /profile/sensitive/John
2026-02-08T05:05:39.074Z - GET /verify
2026-02-08T05:05:39.234Z - GET /profile/getbasic/John
2026-02-08T05:05:39.248Z - GET /profile/sensitive/John
2026-02-08T05:05:39.257Z - GET /isfriend/John
2026-02-08T05:05:39.412Z - GET /isfriend/John
2026-02-08T05:05:43.242Z - POST /block/John
2026-02-08T05:05:45.711Z - GET /verify
2026-02-08T05:05:45.755Z - GET /verify
2026-02-08T05:05:45.801Z - GET /home/getAllPosts
2026-02-08T05:05:45.959Z - GET /home/getFriends
2026-02-08T05:05:46.228Z - GET /home/ads
2026-02-08T05:05:46.839Z - GET /home/getChannels
2026-02-08T05:05:47.127Z - GET /stories
2026-02-08T05:05:47.582Z - GET /home/getFriends
2026-02-08T05:05:47.655Z - GET /home/ads
2026-02-08T05:05:47.875Z - GET /home/getChannels
2026-02-08T05:05:48.131Z - GET /stories
2026-02-08T05:05:48.589Z - GET /home/getAllPosts
2026-02-08T05:05:56.372Z - GET /verify
2026-02-08T05:05:56.464Z - GET /verify
2026-02-08T05:05:56.787Z - GET /connect?mode=users
2026-02-08T05:06:20.449Z - GET /profile/getbasic/Arn123
2026-02-08T05:06:20.572Z - GET /profile/sensitive/Arn123
2026-02-08T05:06:20.590Z - GET /verify
2026-02-08T05:06:20.757Z - GET /profile/getbasic/Arn123
2026-02-08T05:06:20.946Z - GET /profile/sensitive/Arn123
2026-02-08T05:06:20.951Z - GET /isfriend/Arn123
2026-02-08T05:06:21.627Z - GET /isfriend/Arn123
2026-02-08T05:06:35.100Z - GET /profile/getbasic/ayush
2026-02-08T05:06:35.109Z - GET /profile/sensitive/ayush
2026-02-08T05:06:35.209Z - GET /verify
2026-02-08T05:06:35.426Z - GET /isfriend/ayush
2026-02-08T05:06:47.684Z - GET /profile/getbasic/Arn123
2026-02-08T05:06:47.879Z - GET /profile/sensitive/Arn123
2026-02-08T05:06:47.990Z - GET /verify
2026-02-08T05:06:48.155Z - GET /verify
2026-02-08T05:06:48.315Z - GET /connect?mode=users
2026-02-08T05:06:48.321Z - GET /isfriend/Arn123
2026-02-08T05:06:52.458Z - GET /profile/getbasic/ayush
2026-02-08T05:06:52.601Z - GET /profile/sensitive/ayush
2026-02-08T05:06:52.612Z - GET /verify
2026-02-08T05:06:52.836Z - GET /profile/getbasic/ayush
2026-02-08T05:06:52.926Z - GET /profile/sensitive/ayush
2026-02-08T05:06:52.932Z - GET /isfriend/ayush
2026-02-08T05:06:53.180Z - GET /isfriend/ayush
2026-02-08T05:09:34.856Z - GET /verify
2026-02-08T05:09:35.121Z - GET /connect?mode=users
2026-02-08T05:09:39.477Z - GET /profile/getbasic/ayush
2026-02-08T05:09:39.518Z - GET /profile/sensitive/ayush
2026-02-08T05:09:39.549Z - GET /verify
2026-02-08T05:09:40.369Z - GET /profile/getbasic/ayush
2026-02-08T05:09:40.864Z - GET /profile/sensitive/ayush
2026-02-08T05:09:40.872Z - GET /isfriend/ayush
2026-02-08T05:09:42.140Z - GET /isfriend/ayush
2026-02-08T05:10:48.025Z - GET /verify
2026-02-08T05:10:48.033Z - GET /verify
2026-02-08T05:10:48.395Z - GET /connect?mode=users
2026-02-08T05:10:59.830Z - POST /connect/follow
2026-02-08T05:11:01.398Z - POST /connect/unfollow
2026-02-08T05:11:03.525Z - POST /connect/unfollow
2026-02-08T05:11:04.603Z - POST /connect/follow
2026-02-08T05:11:07.045Z - POST /connect/unfollow
2026-02-08T05:11:07.851Z - POST /connect/follow
2026-02-08T05:11:09.302Z - POST /connect/unfollow
2026-02-08T05:11:10.391Z - POST /connect/follow
2026-02-08T05:11:12.299Z - POST /connect/unfollow
2026-02-08T05:11:13.603Z - POST /connect/follow
2026-02-08T05:13:38.412Z - GET /verify
2026-02-08T05:13:38.421Z - GET /verify
2026-02-08T05:13:38.451Z - GET /getchannel/Ayush
2026-02-08T05:13:38.733Z - GET /getchannel/Ayush
2026-02-08T05:13:38.744Z - GET /getchannelposts?postIds=692dd9f495cc907dad598c5f%2C68f1394965c885fbf4f7a954%2C692dc47b466b26f85bc90a42%2C6935cb26da6b19ec6090a4b0
2026-02-08T05:13:38.749Z - GET /getchannelposts?postIds=68effb802c8ccfa40fb71236
2026-02-08T05:13:38.756Z - GET /getchannelposts?postIds=691337206c3f94cb3f7e04cd%2C691336de6c3f94cb3f7e04c5%2C6913399b04732bb8c4116db2%2C69355b1fcb287e55aa10c014
2026-02-08T05:13:38.763Z - GET /getchannelposts?postIds=691337206c3f94cb3f7e04cd%2C69355b61cb287e55aa10c024%2C69355b1fcb287e55aa10c014
2026-02-08T05:13:39.091Z - GET /getchannelposts?postIds=692dd9f495cc907dad598c5f%2C68f1394965c885fbf4f7a954%2C692dc47b466b26f85bc90a42%2C6935cb26da6b19ec6090a4b0
2026-02-08T05:13:39.098Z - GET /getchannelposts?postIds=68effb802c8ccfa40fb71236
2026-02-08T05:13:39.104Z - GET /getchannelposts?postIds=691337206c3f94cb3f7e04cd%2C691336de6c3f94cb3f7e04c5%2C6913399b04732bb8c4116db2%2C69355b1fcb287e55aa10c014
2026-02-08T05:13:39.112Z - GET /getchannelposts?postIds=691337206c3f94cb3f7e04cd%2C69355b61cb287e55aa10c024%2C69355b1fcb287e55aa10c014
2026-02-08T05:13:40.719Z - GET /channelPost/Ayush-1764607099560
2026-02-08T05:13:42.623Z - GET /channelPost/Ayush-1764607099560
2026-02-08T05:14:11.883Z - POST /channel/comment
2026-02-08T05:14:13.120Z - POST /channel/comment
2026-02-08T05:14:13.939Z - POST /channel/comment
2026-02-08T05:14:16.113Z - GET /channel/comment/replies/6980d0f64e71d358b845c5c5?page=1
2026-02-08T05:14:23.952Z - GET /verify
2026-02-08T05:14:23.963Z - GET /verify
2026-02-08T05:14:23.982Z - GET /getchannel/Ayush
2026-02-08T05:14:28.587Z - GET /getchannel/Ayush
2026-02-08T05:14:28.603Z - GET /getchannelposts?postIds=692dd9f495cc907dad598c5f%2C68f1394965c885fbf4f7a954%2C692dc47b466b26f85bc90a42%2C6935cb26da6b19ec6090a4b0
2026-02-08T05:14:28.609Z - GET /getchannelposts?postIds=68effb802c8ccfa40fb71236
2026-02-08T05:14:28.616Z - GET /getchannelposts?postIds=691337206c3f94cb3f7e04cd%2C691336de6c3f94cb3f7e04c5%2C6913399b04732bb8c4116db2%2C69355b1fcb287e55aa10c014
2026-02-08T05:14:28.624Z - GET /getchannelposts?postIds=691337206c3f94cb3f7e04cd%2C69355b61cb287e55aa10c024%2C69355b1fcb287e55aa10c014
2026-02-08T05:14:33.551Z - GET /getchannelposts?postIds=692dd9f495cc907dad598c5f%2C68f1394965c885fbf4f7a954%2C692dc47b466b26f85bc90a42%2C6935cb26da6b19ec6090a4b0
2026-02-08T05:14:33.572Z - GET /getchannelposts?postIds=68effb802c8ccfa40fb71236
2026-02-08T05:14:33.581Z - GET /getchannelposts?postIds=691337206c3f94cb3f7e04cd%2C691336de6c3f94cb3f7e04c5%2C6913399b04732bb8c4116db2%2C69355b1fcb287e55aa10c014
2026-02-08T05:14:33.600Z - GET /getchannelposts?postIds=691337206c3f94cb3f7e04cd%2C69355b61cb287e55aa10c024%2C69355b1fcb287e55aa10c014
2026-02-08T05:14:34.732Z - GET /channelPost/Ayush-1764607099560
2026-02-08T05:14:38.859Z - GET /channelPost/Ayush-1764607099560
2026-02-08T05:14:40.939Z - GET /channel/comment/replies/6980d0f64e71d358b845c5c5?page=1
2026-02-08T05:14:46.085Z - GET /channel/comment/replies/6980d0f64e71d358b845c5c5?page=1
2026-02-08T05:14:47.360Z - GET /channel/comment/replies/6980d0f64e71d358b845c5c5?page=1
2026-02-08T05:14:58.687Z - GET /verify
2026-02-08T05:14:58.692Z - GET /verify
2026-02-08T05:14:58.715Z - GET /getchannel/Ayush
2026-02-08T05:15:04.399Z - GET /getchannel/Ayush
2026-02-08T05:15:04.483Z - GET /getchannelposts?postIds=692dd9f495cc907dad598c5f%2C68f1394965c885fbf4f7a954%2C692dc47b466b26f85bc90a42%2C6935cb26da6b19ec6090a4b0
2026-02-08T05:15:04.492Z - GET /getchannelposts?postIds=68effb802c8ccfa40fb71236
2026-02-08T05:15:04.500Z - GET /getchannelposts?postIds=691337206c3f94cb3f7e04cd%2C691336de6c3f94cb3f7e04c5%2C6913399b04732bb8c4116db2%2C69355b1fcb287e55aa10c014
2026-02-08T05:15:04.506Z - GET /getchannelposts?postIds=691337206c3f94cb3f7e04cd%2C69355b61cb287e55aa10c024%2C69355b1fcb287e55aa10c014
2026-02-08T05:15:09.540Z - GET /getchannelposts?postIds=692dd9f495cc907dad598c5f%2C68f1394965c885fbf4f7a954%2C692dc47b466b26f85bc90a42%2C6935cb26da6b19ec6090a4b0
2026-02-08T05:15:09.545Z - GET /getchannelposts?postIds=68effb802c8ccfa40fb71236
2026-02-08T05:15:09.552Z - GET /getchannelposts?postIds=691337206c3f94cb3f7e04cd%2C691336de6c3f94cb3f7e04c5%2C6913399b04732bb8c4116db2%2C69355b1fcb287e55aa10c014
2026-02-08T05:15:09.557Z - GET /getchannelposts?postIds=691337206c3f94cb3f7e04cd%2C69355b61cb287e55aa10c024%2C69355b1fcb287e55aa10c014
2026-02-08T05:15:10.008Z - GET /channelPost/Ayush-1764607099560
2026-02-08T05:15:15.099Z - GET /channelPost/Ayush-1764607099560
2026-02-08T05:15:16.572Z - GET /channel/comment/replies/6980d0f64e71d358b845c5c5?page=1
2026-02-08T05:15:26.409Z - GET /channel/comment/replies/6980d0f64e71d358b845c5c5?page=2
2026-02-08T05:15:39.648Z - GET /channel/comment/replies/6980d0f64e71d358b845c5c5?page=3
2026-02-08T05:15:53.935Z - GET /verify
2026-02-08T05:15:53.941Z - GET /verify
2026-02-08T05:15:53.966Z - GET /getchannel/Ayush
2026-02-08T05:16:02.036Z - GET /verify
2026-02-08T05:16:02.043Z - GET /verify
2026-02-08T05:16:02.067Z - GET /getchannel/Ayush
2026-02-08T05:16:05.621Z - GET /getchannel/Ayush
2026-02-08T05:16:05.647Z - GET /getchannelposts?postIds=692dd9f495cc907dad598c5f%2C68f1394965c885fbf4f7a954%2C692dc47b466b26f85bc90a42%2C6935cb26da6b19ec6090a4b0
2026-02-08T05:16:05.656Z - GET /getchannelposts?postIds=68effb802c8ccfa40fb71236
2026-02-08T05:16:05.662Z - GET /getchannelposts?postIds=691337206c3f94cb3f7e04cd%2C691336de6c3f94cb3f7e04c5%2C6913399b04732bb8c4116db2%2C69355b1fcb287e55aa10c014
2026-02-08T05:16:05.668Z - GET /getchannelposts?postIds=691337206c3f94cb3f7e04cd%2C69355b61cb287e55aa10c024%2C69355b1fcb287e55aa10c014
2026-02-08T05:16:10.494Z - GET /getchannelposts?postIds=692dd9f495cc907dad598c5f%2C68f1394965c885fbf4f7a954%2C692dc47b466b26f85bc90a42%2C6935cb26da6b19ec6090a4b0
2026-02-08T05:16:10.505Z - GET /getchannelposts?postIds=68effb802c8ccfa40fb71236
2026-02-08T05:16:10.510Z - GET /getchannelposts?postIds=691337206c3f94cb3f7e04cd%2C691336de6c3f94cb3f7e04c5%2C6913399b04732bb8c4116db2%2C69355b1fcb287e55aa10c014
2026-02-08T05:16:10.516Z - GET /getchannelposts?postIds=691337206c3f94cb3f7e04cd%2C69355b61cb287e55aa10c024%2C69355b1fcb287e55aa10c014
2026-02-08T05:16:16.052Z - GET /channelPost/Ayush-1764607099560
2026-02-08T05:16:21.888Z - GET /channelPost/Ayush-1764607099560
2026-02-08T05:16:23.945Z - GET /channel/comment/replies/6980d0f64e71d358b845c5c5?page=1
2026-02-08T05:16:35.285Z - POST /channel/comment
2026-02-08T05:16:47.436Z - POST /channel/comment
2026-02-08T05:16:55.398Z - POST /channel/comment
2026-02-08T05:17:04.491Z - POST /channel/comment
2026-02-08T05:17:14.412Z - POST /channel/comment
2026-02-08T05:17:25.255Z - GET /verify
2026-02-08T05:17:25.261Z - GET /verify
2026-02-08T05:17:25.286Z - GET /getchannel/Ayush
2026-02-08T05:17:29.080Z - GET /getchannel/Ayush
2026-02-08T05:17:29.086Z - GET /getchannelposts?postIds=692dd9f495cc907dad598c5f%2C68f1394965c885fbf4f7a954%2C692dc47b466b26f85bc90a42%2C6935cb26da6b19ec6090a4b0
2026-02-08T05:17:29.097Z - GET /getchannelposts?postIds=68effb802c8ccfa40fb71236
2026-02-08T05:17:29.104Z - GET /getchannelposts?postIds=691337206c3f94cb3f7e04cd%2C691336de6c3f94cb3f7e04c5%2C6913399b04732bb8c4116db2%2C69355b1fcb287e55aa10c014
2026-02-08T05:17:29.112Z - GET /getchannelposts?postIds=691337206c3f94cb3f7e04cd%2C69355b61cb287e55aa10c024%2C69355b1fcb287e55aa10c014
2026-02-08T05:17:36.700Z - GET /getchannelposts?postIds=692dd9f495cc907dad598c5f%2C68f1394965c885fbf4f7a954%2C692dc47b466b26f85bc90a42%2C6935cb26da6b19ec6090a4b0
2026-02-08T05:17:36.707Z - GET /getchannelposts?postIds=68effb802c8ccfa40fb71236
2026-02-08T05:17:36.713Z - GET /getchannelposts?postIds=691337206c3f94cb3f7e04cd%2C691336de6c3f94cb3f7e04c5%2C6913399b04732bb8c4116db2%2C69355b1fcb287e55aa10c014
2026-02-08T05:17:36.718Z - GET /getchannelposts?postIds=691337206c3f94cb3f7e04cd%2C69355b61cb287e55aa10c024%2C69355b1fcb287e55aa10c014
2026-02-08T05:17:40.314Z - GET /channelPost/Ayush-1764607099560
2026-02-08T05:17:57.003Z - GET /channelPost/Ayush-1764607099560
2026-02-08T05:18:00.123Z - GET /channel/comment/replies/6980d0f64e71d358b845c5c5?page=1
2026-02-08T05:18:11.294Z - GET /channel/comment/replies/6980d0f64e71d358b845c5c5?page=2
